<?xml version="1.0" encoding="UTF-8"?>
<!-- Generated by org.testng.reporters.JUnitXMLReporter -->
<testsuite ignored="0" hostname="LAPTOP-O2BRMRIN" failures="1" tests="9" name="Test" time="0.183" errors="0" timestamp="2026-05-14T16:17:17 IST">
  <testcase classname="Batch_execution1.Ddemo1" name="TC01" time="0.027">
    <failure type="java.lang.AssertionError" message="null">
      <![CDATA[java.lang.AssertionError: null
at Batch_execution1.Ddemo1.TC01(Ddemo1.java:13)
at java.base/java.util.ArrayList.forEach(ArrayList.java:1596)
... Removed 27 stack frames]]>
    </failure>
  </testcase> <!-- TC01 -->
  <testcase classname="Batch_execution1.Ddemo1" name="TC02" time="0.004"/>
  <testcase classname="Batch_execution1.Ddemo1" name="TC03" time="0.003"/>
  <testcase classname="Batch_execution1.Ddemo2" name="TC04" time="0.003"/>
  <testcase classname="Batch_execution1.Ddemo2" name="TC05" time="0.004"/>
  <testcase classname="Batch_execution1.Ddemo2" name="TC06" time="0.002"/>
  <testcase classname="Batch_execution1.Ddemo3" name="TC07" time="0.002"/>
  <testcase classname="Batch_execution1.Ddemo3" name="TC08" time="0.002"/>
  <testcase classname="Batch_execution1.Ddemo3" name="TC09" time="0.002"/>
</testsuite> <!-- Test -->
