<?xml version="1.0" encoding="UTF-8"?>
<!-- Generated by org.testng.reporters.JUnitReportReporter -->
<testsuite hostname="LAPTOP-O2BRMRIN" failures="0" tests="1" name="TestNG.Practiceslen" time="0.015" errors="0" timestamp="2026-04-16T19:28:59 IST" skipped="0">
  <testcase classname="TestNG.Practiceslen" name="sample" time="0.015">
    <system-out>
      <![CDATA[Rules for TestNg
@Test right after class
Rules for TestNg]]>
    </system-out>
  </testcase> <!-- sample -->
  <system-out>
    <![CDATA[Rules for TestNg
@Test right after class
Rules for TestNg]]>
  </system-out>
</testsuite> <!-- TestNG.Practiceslen -->
