<?xml version="1.0" encoding="UTF-8"?>
<!-- Generated by org.testng.reporters.JUnitReportReporter -->
<testsuite hostname="LAPTOP-O2BRMRIN" failures="0" tests="3" name="Batch_execution.Demo2" time="0.007" errors="0" timestamp="2026-05-14T15:44:55 IST" skipped="0">
  <testcase classname="Batch_execution.Demo2" name="TC6" time="0.002">
    <system-out>
      <![CDATA[Running TC6]]>
    </system-out>
  </testcase> <!-- TC6 -->
  <testcase classname="Batch_execution.Demo2" name="TC4" time="0.003">
    <system-out>
      <![CDATA[Running TC4]]>
    </system-out>
  </testcase> <!-- TC4 -->
  <testcase classname="Batch_execution.Demo2" name="TC5" time="0.002">
    <system-out>
      <![CDATA[Running TC5]]>
    </system-out>
  </testcase> <!-- TC5 -->
  <system-out>
    <![CDATA[Running TC1
Running TC2
Running TC3
Running TC4
Running TC5
Running TC6
Running TC7
Running TC8
Running TC9]]>
  </system-out>
</testsuite> <!-- Batch_execution.Demo2 -->
