<?xml version="1.0" encoding="UTF-8"?>
<!-- Generated by org.testng.reporters.JUnitReportReporter -->
<testsuite hostname="LAPTOP-O2BRMRIN" failures="0" tests="3" name="TestNG_keywords.Enabled_false" time="0.029" errors="0" timestamp="2026-05-15T12:08:08 IST" skipped="0">
  <testcase classname="TestNG_keywords.Enabled_false" name="tc3" time="0.022">
    <system-out>
      <![CDATA[popup]]>
    </system-out>
  </testcase> <!-- tc3 -->
  <testcase classname="TestNG_keywords.Enabled_false" name="tc2" time="0.004">
    <system-out>
      <![CDATA[logout]]>
    </system-out>
  </testcase> <!-- tc2 -->
  <testcase classname="TestNG_keywords.Enabled_false" name="tc1" time="0.003">
    <system-out>
      <![CDATA[login]]>
    </system-out>
  </testcase> <!-- tc1 -->
  <system-out>
    <![CDATA[popup
logout
login]]>
  </system-out>
</testsuite> <!-- TestNG_keywords.Enabled_false -->
