<?xml version="1.0" encoding="UTF-8"?>
<!-- Generated by org.testng.reporters.JUnitReportReporter -->
<testsuite hostname="LAPTOP-O2BRMRIN" failures="0" tests="3" name="Batch_execution1.Ddemo2" time="0.009" errors="0" timestamp="2026-05-14T16:17:17 IST" skipped="0">
  <testcase classname="Batch_execution1.Ddemo2" name="TC04" time="0.003">
    <system-out>
      <![CDATA[Running TC04]]>
    </system-out>
  </testcase> <!-- TC04 -->
  <testcase classname="Batch_execution1.Ddemo2" name="TC06" time="0.002">
    <system-out>
      <![CDATA[Running TC06]]>
    </system-out>
  </testcase> <!-- TC06 -->
  <testcase classname="Batch_execution1.Ddemo2" name="TC05" time="0.004">
    <system-out>
      <![CDATA[Running TC05]]>
    </system-out>
  </testcase> <!-- TC05 -->
  <system-out>
    <![CDATA[Running TC01
Running TC02
Running TC03
Running TC04
Running TC05
Running TC06
Running TC07
Running TC08
Running TC09]]>
  </system-out>
</testsuite> <!-- Batch_execution1.Ddemo2 -->
