<?xml version="1.0" encoding="UTF-8"?>
<!-- Generated by org.testng.reporters.JUnitReportReporter -->
<testsuite hostname="LAPTOP-O2BRMRIN" failures="0" tests="3" name="Batch_execution.Demo3" time="0.008" errors="0" timestamp="2026-05-14T15:44:55 IST" skipped="0">
  <testcase classname="Batch_execution.Demo3" name="TC7" time="0.004">
    <system-out>
      <![CDATA[Running TC7]]>
    </system-out>
  </testcase> <!-- TC7 -->
  <testcase classname="Batch_execution.Demo3" name="TC8" time="0.002">
    <system-out>
      <![CDATA[Running TC8]]>
    </system-out>
  </testcase> <!-- TC8 -->
  <testcase classname="Batch_execution.Demo3" name="TC9" time="0.002">
    <system-out>
      <![CDATA[Running TC9]]>
    </system-out>
  </testcase> <!-- TC9 -->
  <system-out>
    <![CDATA[Running TC1
Running TC2
Running TC3
Running TC4
Running TC5
Running TC6
Running TC7
Running TC8
Running TC9]]>
  </system-out>
</testsuite> <!-- Batch_execution.Demo3 -->
