<?xml version="1.0" encoding="UTF-8"?>
<!-- Generated by org.testng.reporters.JUnitReportReporter -->
<testsuite hostname="LAPTOP-O2BRMRIN" failures="0" tests="3" name="Batch_execution.Demo1" time="0.031" errors="0" timestamp="2026-05-14T15:44:55 IST" skipped="0">
  <testcase classname="Batch_execution.Demo1" name="TC1" time="0.024">
    <system-out>
      <![CDATA[Running TC1]]>
    </system-out>
  </testcase> <!-- TC1 -->
  <testcase classname="Batch_execution.Demo1" name="TC3" time="0.004">
    <system-out>
      <![CDATA[Running TC3]]>
    </system-out>
  </testcase> <!-- TC3 -->
  <testcase classname="Batch_execution.Demo1" name="TC2" time="0.003">
    <system-out>
      <![CDATA[Running TC2]]>
    </system-out>
  </testcase> <!-- TC2 -->
  <system-out>
    <![CDATA[Running TC1
Running TC2
Running TC3
Running TC4
Running TC5
Running TC6
Running TC7
Running TC8
Running TC9]]>
  </system-out>
</testsuite> <!-- Batch_execution.Demo1 -->
