<?xml version="1.0" encoding="UTF-8"?>
<!-- Generated by org.testng.reporters.JUnitReportReporter -->
<testsuite hostname="LAPTOP-O2BRMRIN" failures="0" tests="10" name="TestNG_keywords.Invocationcount" time="0.042" errors="0" timestamp="2026-05-15T11:33:39 IST" skipped="0">
  <testcase classname="TestNG_keywords.Invocationcount" name="tc" time="0.002">
    <system-out>
      <![CDATA[verify logo]]>
    </system-out>
  </testcase> <!-- tc -->
  <testcase classname="TestNG_keywords.Invocationcount" name="tc" time="0.003">
    <system-out>
      <![CDATA[verify logo]]>
    </system-out>
  </testcase> <!-- tc -->
  <testcase classname="TestNG_keywords.Invocationcount" name="tc" time="0.002">
    <system-out>
      <![CDATA[verify logo]]>
    </system-out>
  </testcase> <!-- tc -->
  <testcase classname="TestNG_keywords.Invocationcount" name="tc" time="0.005">
    <system-out>
      <![CDATA[verify logo]]>
    </system-out>
  </testcase> <!-- tc -->
  <testcase classname="TestNG_keywords.Invocationcount" name="tc" time="0.002">
    <system-out>
      <![CDATA[verify logo]]>
    </system-out>
  </testcase> <!-- tc -->
  <testcase classname="TestNG_keywords.Invocationcount" name="tc" time="0.002">
    <system-out>
      <![CDATA[verify logo]]>
    </system-out>
  </testcase> <!-- tc -->
  <testcase classname="TestNG_keywords.Invocationcount" name="tc" time="0.019">
    <system-out>
      <![CDATA[verify logo]]>
    </system-out>
  </testcase> <!-- tc -->
  <testcase classname="TestNG_keywords.Invocationcount" name="tc" time="0.002">
    <system-out>
      <![CDATA[verify logo]]>
    </system-out>
  </testcase> <!-- tc -->
  <testcase classname="TestNG_keywords.Invocationcount" name="tc" time="0.002">
    <system-out>
      <![CDATA[verify logo]]>
    </system-out>
  </testcase> <!-- tc -->
  <testcase classname="TestNG_keywords.Invocationcount" name="tc" time="0.003">
    <system-out>
      <![CDATA[verify logo]]>
    </system-out>
  </testcase> <!-- tc -->
  <system-out>
    <![CDATA[verify logo
verify logo
verify logo
verify logo
verify logo
verify logo
verify logo
verify logo
verify logo
verify logo]]>
  </system-out>
</testsuite> <!-- TestNG_keywords.Invocationcount -->
