<?xml version="1.0" encoding="UTF-8"?>
<!-- Generated by org.testng.reporters.JUnitReportReporter -->
<testsuite hostname="LAPTOP-O2BRMRIN" failures="0" tests="1" name="sample_testNG.Practice_TNG" time="0.031" errors="0" timestamp="2026-04-15T20:41:16 IST" skipped="0">
  <testcase classname="sample_testNG.Practice_TNG" name="test" time="0.031">
    <system-out>
      <![CDATA[Hi
Hello]]>
    </system-out>
  </testcase> <!-- test -->
  <system-out>
    <![CDATA[Hi
Hello]]>
  </system-out>
</testsuite> <!-- sample_testNG.Practice_TNG -->
