<?xml version="1.0" encoding="UTF-8"?>
<!-- Generated by org.testng.reporters.JUnitReportReporter -->
<testsuite hostname="LAPTOP-O2BRMRIN" failures="0" tests="3" name="Batch_execution1.Ddemo3" time="0.006" errors="0" timestamp="2026-05-14T16:17:17 IST" skipped="0">
  <testcase classname="Batch_execution1.Ddemo3" name="TC07" time="0.002">
    <system-out>
      <![CDATA[Running TC07]]>
    </system-out>
  </testcase> <!-- TC07 -->
  <testcase classname="Batch_execution1.Ddemo3" name="TC09" time="0.002">
    <system-out>
      <![CDATA[Running TC09]]>
    </system-out>
  </testcase> <!-- TC09 -->
  <testcase classname="Batch_execution1.Ddemo3" name="TC08" time="0.002">
    <system-out>
      <![CDATA[Running TC08]]>
    </system-out>
  </testcase> <!-- TC08 -->
  <system-out>
    <![CDATA[Running TC01
Running TC02
Running TC03
Running TC04
Running TC05
Running TC06
Running TC07
Running TC08
Running TC09]]>
  </system-out>
</testsuite> <!-- Batch_execution1.Ddemo3 -->
