<?xml version="1.0" encoding="UTF-8"?>
<!-- Generated by org.testng.reporters.JUnitReportReporter -->
<testsuite hostname="LAPTOP-O2BRMRIN" failures="0" tests="2" name="TestNG_keywords.Timeouts_keyword" time="0.034" errors="0" timestamp="2026-05-15T12:18:11 IST" skipped="0">
  <testcase classname="TestNG_keywords.Timeouts_keyword" name="tc2" time="0.021">
    <system-out>
      <![CDATA[login]]>
    </system-out>
  </testcase> <!-- tc2 -->
  <testcase classname="TestNG_keywords.Timeouts_keyword" name="tc1" time="0.013">
    <system-out>
      <![CDATA[logout]]>
    </system-out>
  </testcase> <!-- tc1 -->
  <system-out>
    <![CDATA[login
logout]]>
  </system-out>
</testsuite> <!-- TestNG_keywords.Timeouts_keyword -->
