<?xml version="1.0" encoding="UTF-8"?>
<!-- Generated by org.testng.reporters.JUnitXMLReporter -->
<testsuite ignored="0" hostname="LAPTOP-O2BRMRIN" failures="0" tests="9" name="Test" time="0.166" errors="0" timestamp="2026-05-14T15:44:55 IST">
  <testcase classname="Batch_execution.Demo1" name="TC1" time="0.024"/>
  <testcase classname="Batch_execution.Demo1" name="TC2" time="0.003"/>
  <testcase classname="Batch_execution.Demo1" name="TC3" time="0.004"/>
  <testcase classname="Batch_execution.Demo2" name="TC4" time="0.003"/>
  <testcase classname="Batch_execution.Demo2" name="TC5" time="0.002"/>
  <testcase classname="Batch_execution.Demo2" name="TC6" time="0.002"/>
  <testcase classname="Batch_execution.Demo3" name="TC7" time="0.004"/>
  <testcase classname="Batch_execution.Demo3" name="TC8" time="0.002"/>
  <testcase classname="Batch_execution.Demo3" name="TC9" time="0.002"/>
</testsuite> <!-- Test -->
